<?xml version="1.0" encoding="UTF-8"?>
<!-- Generated by org.testng.reporters.JUnitReportReporter -->
<testsuite hostname="DESKTOP-7FCLJV9" failures="0" tests="2" name="Package2.Test1" time="0.064" errors="0" timestamp="2024-09-14T19:54:05 IST" skipped="0">
  <testcase classname="Package2.Test1" name="m1" time="0.035"/>
  <testcase classname="Package2.Test1" name="m3" time="0.029"/>
</testsuite> <!-- Package2.Test1 -->
