<?xml version="1.0" encoding="UTF-8"?>
<!-- Generated by org.testng.reporters.JUnitReportReporter -->
<testsuite hostname="DESKTOP-7FCLJV9" failures="0" tests="1" name="Package1.Test2" time="0.007" errors="0" timestamp="2024-09-14T19:54:05 IST" skipped="0">
  <testcase classname="Package1.Test2" name="m2" time="0.007"/>
</testsuite> <!-- Package1.Test2 -->
