<?xml version="1.0" encoding="UTF-8"?>
<!-- Generated by org.testng.reporters.JUnitReportReporter -->
<testsuite hostname="DESKTOP-7FCLJV9" failures="0" tests="4" name="Package1.Test1" time="0.104" errors="0" timestamp="2024-09-14T19:54:05 IST" skipped="0">
  <testcase classname="Package1.Test1" name="m3" time="0.030"/>
  <testcase classname="Package1.Test1" name="m3" time="0.012"/>
  <testcase classname="Package1.Test1" name="m1" time="0.048"/>
  <testcase classname="Package1.Test1" name="m3" time="0.014"/>
</testsuite> <!-- Package1.Test1 -->
